<?xml version="1.0" encoding="UTF-8"?>
<!-- Generated by org.testng.reporters.JUnitXMLReporter -->
<testsuite ignored="0" hostname="n-kv-tych1o-f81" failures="0" tests="4" name="Regression" time="107.219" errors="0" timestamp="2023-06-30T18:42:06 EEST">
  <testcase classname="test.WebTablesTest" name="addPerson" time="34.313"/>
  <testcase classname="test.WebTablesTest" name="deletePerson" time="15.547"/>
  <testcase classname="test.WebTablesTest" name="editPerson" time="21.745"/>
  <testcase classname="test.ButtonsPageTest" name="checkTEstOnClickTestButton" time="14.467"/>
</testsuite> <!-- Regression -->
