<?xml version="1.0" encoding="UTF-8"?>
<testng-results ignored="0" total="4" passed="4" failed="0" skipped="0">
  <reporter-output>
  </reporter-output>
  <suite started-at="2023-06-30T18:40:19 EEST" name="Regression test" finished-at="2023-06-30T18:42:06 EEST" duration-ms="107219">
    <groups>
    </groups>
    <test started-at="2023-06-30T18:40:19 EEST" name="Regression" finished-at="2023-06-30T18:42:06 EEST" duration-ms="107219">
      <class name="test.WebTablesTest">
        <test-method is-config="true" signature="setUp()[pri:0, instance:test.WebTablesTest@4bff2185]" started-at="2023-06-30T18:40:19 EEST" name="setUp" finished-at="2023-06-30T18:40:29 EEST" duration-ms="9767" status="PASS">
          <reporter-output>
          </reporter-output>
        </test-method> <!-- setUp -->
        <test-method signature="addPerson()[pri:0, instance:test.WebTablesTest@4bff2185]" started-at="2023-06-30T18:40:30 EEST" name="addPerson" finished-at="2023-06-30T18:41:04 EEST" duration-ms="34313" status="PASS">
          <reporter-output>
          </reporter-output>
        </test-method> <!-- addPerson -->
        <test-method is-config="true" signature="cleanUp()[pri:0, instance:test.WebTablesTest@4bff2185]" started-at="2023-06-30T18:41:04 EEST" name="cleanUp" finished-at="2023-06-30T18:41:05 EEST" duration-ms="896" status="PASS">
          <reporter-output>
          </reporter-output>
        </test-method> <!-- cleanUp -->
        <test-method is-config="true" signature="setUp()[pri:0, instance:test.WebTablesTest@4bff2185]" started-at="2023-06-30T18:41:05 EEST" name="setUp" finished-at="2023-06-30T18:41:07 EEST" duration-ms="2540" status="PASS">
          <reporter-output>
          </reporter-output>
        </test-method> <!-- setUp -->
        <test-method signature="deletePerson()[pri:0, instance:test.WebTablesTest@4bff2185]" started-at="2023-06-30T18:41:07 EEST" name="deletePerson" finished-at="2023-06-30T18:41:23 EEST" duration-ms="15547" status="PASS">
          <reporter-output>
          </reporter-output>
        </test-method> <!-- deletePerson -->
        <test-method is-config="true" signature="cleanUp()[pri:0, instance:test.WebTablesTest@4bff2185]" started-at="2023-06-30T18:41:23 EEST" name="cleanUp" finished-at="2023-06-30T18:41:24 EEST" duration-ms="781" status="PASS">
          <reporter-output>
          </reporter-output>
        </test-method> <!-- cleanUp -->
        <test-method is-config="true" signature="setUp()[pri:0, instance:test.WebTablesTest@4bff2185]" started-at="2023-06-30T18:41:24 EEST" name="setUp" finished-at="2023-06-30T18:41:26 EEST" duration-ms="2646" status="PASS">
          <reporter-output>
          </reporter-output>
        </test-method> <!-- setUp -->
        <test-method signature="editPerson()[pri:0, instance:test.WebTablesTest@4bff2185]" started-at="2023-06-30T18:41:26 EEST" name="editPerson" finished-at="2023-06-30T18:41:48 EEST" duration-ms="21745" status="PASS">
          <reporter-output>
          </reporter-output>
        </test-method> <!-- editPerson -->
        <test-method is-config="true" signature="cleanUp()[pri:0, instance:test.WebTablesTest@4bff2185]" started-at="2023-06-30T18:41:48 EEST" name="cleanUp" finished-at="2023-06-30T18:41:49 EEST" duration-ms="676" status="PASS">
          <reporter-output>
          </reporter-output>
        </test-method> <!-- cleanUp -->
      </class> <!-- test.WebTablesTest -->
      <class name="test.ButtonsPageTest">
        <test-method is-config="true" signature="setUp()[pri:0, instance:test.ButtonsPageTest@ff6077]" started-at="2023-06-30T18:41:49 EEST" name="setUp" finished-at="2023-06-30T18:41:51 EEST" duration-ms="2530" status="PASS">
          <reporter-output>
          </reporter-output>
        </test-method> <!-- setUp -->
        <test-method signature="checkTEstOnClickTestButton()[pri:0, instance:test.ButtonsPageTest@ff6077]" started-at="2023-06-30T18:41:51 EEST" name="checkTEstOnClickTestButton" finished-at="2023-06-30T18:42:06 EEST" duration-ms="14467" status="PASS">
          <reporter-output>
          </reporter-output>
        </test-method> <!-- checkTEstOnClickTestButton -->
        <test-method is-config="true" signature="cleanUp()[pri:0, instance:test.ButtonsPageTest@ff6077]" started-at="2023-06-30T18:42:06 EEST" name="cleanUp" finished-at="2023-06-30T18:42:06 EEST" duration-ms="631" status="PASS">
          <reporter-output>
          </reporter-output>
        </test-method> <!-- cleanUp -->
      </class> <!-- test.ButtonsPageTest -->
    </test> <!-- Regression -->
  </suite> <!-- Regression test -->
</testng-results>
